./ivltests/br_gh1222.v:6: error: Variable 'rout_ca1' cannot be driven by a primitive or continuous assignment with non-default strength.
./ivltests/br_gh1222.v:6: error: Variable 'rout_ca2' cannot be driven by a primitive or continuous assignment with non-default strength.
./ivltests/br_gh1222.v:7: error: Variable 'lout_ca1' cannot be driven by a primitive or continuous assignment with non-default strength.
./ivltests/br_gh1222.v:7: error: Variable 'lout_ca2' cannot be driven by a primitive or continuous assignment with non-default strength.
8 error(s) during elaboration.
